[2022-08-24 13:08:57.609] [exthost] [info] Extension host with pid 2877605 started
[2022-08-24 13:08:57.611] [exthost] [error] Error: EEXIST: file already exists, open '/home/intern3/.vscode-server/data/User/workspaceStorage/f3a325c66c55f205923b39c08f783d3b/vscode.lock'
[2022-08-24 13:08:57.614] [exthost] [info] Lock '/home/intern3/.vscode-server/data/User/workspaceStorage/f3a325c66c55f205923b39c08f783d3b/vscode.lock': Could not acquire lock, checking if the file is stale.
[2022-08-24 13:08:57.617] [exthost] [info] Lock '/home/intern3/.vscode-server/data/User/workspaceStorage/f3a325c66c55f205923b39c08f783d3b/vscode.lock': The lock does not look stale, elapsed: 860 ms, giving up.
[2022-08-24 13:08:57.619] [exthost] [info] Lock '/home/intern3/.vscode-server/data/User/workspaceStorage/f3a325c66c55f205923b39c08f783d3b-1/vscode.lock': Lock acquired.
[2022-08-24 13:08:57.781] [exthost] [info] ExtensionService#_doActivateExtension ms-python.python, startup: false, activationEvent: 'onLanguage:python'
[2022-08-24 13:08:58.047] [exthost] [info] ExtensionService#_doActivateExtension ms-toolsai.jupyter, startup: false, activationEvent: 'onLanguage:python'
[2022-08-24 13:08:58.364] [exthost] [info] ExtensionService#_doActivateExtension vscode.debug-auto-launch, startup: true, activationEvent: '*'
[2022-08-24 13:08:58.368] [exthost] [info] ExtensionService#_doActivateExtension vscode.git-base, startup: true, activationEvent: '*', root cause: vscode.git
[2022-08-24 13:08:58.372] [exthost] [info] ExtensionService#_doActivateExtension vscode.ipynb, startup: true, activationEvent: '*'
[2022-08-24 13:08:58.587] [exthost] [info] ExtensionService#_doActivateExtension vscode.git, startup: true, activationEvent: '*'
[2022-08-24 13:08:58.654] [exthost] [info] ExtensionService#_doActivateExtension vscode.github, startup: true, activationEvent: '*'
[2022-08-24 13:08:59.230] [exthost] [info] ExtensionService#_doActivateExtension ms-toolsai.jupyter-renderers, startup: false, activationEvent: 'api', root cause: ms-toolsai.jupyter
[2022-08-24 13:08:59.412] [exthost] [info] ExtensionService#_doActivateExtension vscode.emmet, startup: false, activationEvent: 'onStartupFinished'
[2022-08-24 13:08:59.429] [exthost] [info] ExtensionService#_doActivateExtension vscode.merge-conflict, startup: false, activationEvent: 'onStartupFinished'
[2022-08-24 13:08:59.433] [exthost] [info] Eager extensions activated
[2022-08-24 13:08:59.542] [exthost] [info] ExtensionService#_doActivateExtension ms-python.vscode-pylance, startup: false, activationEvent: 'onLanguage:python'
[2022-08-24 13:09:00.679] [exthost] [info] ExtensionService#_doActivateExtension vscode.configuration-editing, startup: false, activationEvent: 'onLanguage:jsonc'
[2022-08-24 13:09:00.684] [exthost] [info] ExtensionService#_doActivateExtension vscode.json-language-features, startup: false, activationEvent: 'onLanguage:jsonc'
[2022-08-24 13:09:00.746] [exthost] [info] ExtensionService#_doActivateExtension vscode.typescript-language-features, startup: false, activationEvent: 'onLanguage:jsonc'
[2022-08-24 13:27:50.490] [exthost] [info] ExtensionService#_doActivateExtension streetsidesoftware.code-spell-checker, startup: false, activationEvent: 'onStartupFinished'
[2022-08-24 15:17:29.688] [exthost] [error] [ms-python.python] provider FAILED
[2022-08-24 15:17:29.689] [exthost] [error] Error: name must not be falsy
	at Function.validate (/home/intern3/.vscode-server/bin/6d9b74a70ca9c7733b29f0456fd8195364076dda/out/vs/workbench/api/node/extensionHostProcess.js:78:131745)
	at new t (/home/intern3/.vscode-server/bin/6d9b74a70ca9c7733b29f0456fd8195364076dda/out/vs/workbench/api/node/extensionHostProcess.js:78:131694)
	at new t (/home/intern3/.vscode-server/bin/6d9b74a70ca9c7733b29f0456fd8195364076dda/out/vs/workbench/api/node/extensionHostProcess.js:78:117222)
	at G (/home/intern3/.vscode-server/extensions/ms-python.python-2022.12.1/out/client/extension.js:2:2297898)
	at c (/home/intern3/.vscode-server/extensions/ms-python.python-2022.12.1/out/client/extension.js:2:2335083)
	at Object.t.map (/home/intern3/.vscode-server/extensions/ms-python.python-2022.12.1/out/client/extension.js:2:2335169)
	at Object.asDocumentSymbols (/home/intern3/.vscode-server/extensions/ms-python.python-2022.12.1/out/client/extension.js:2:2305716)
	at /home/intern3/.vscode-server/extensions/ms-python.python-2022.12.1/out/client/extension.js:2:2244261
	at async a.provideDocumentSymbols (/home/intern3/.vscode-server/bin/6d9b74a70ca9c7733b29f0456fd8195364076dda/out/vs/workbench/api/node/extensionHostProcess.js:87:37442)
[2022-08-24 18:02:24.915] [exthost] [info] Extension host terminating: received terminate message from renderer
[2022-08-24 18:02:24.915] [exthost] [info] Lock '/home/intern3/.vscode-server/data/User/workspaceStorage/f3a325c66c55f205923b39c08f783d3b-1/vscode.lock': Marking the lockfile as scheduled to be released in 6000 ms.
[2022-08-24 18:02:24.949] [exthost] [info] Extension host with pid 2877605 exiting with code 0
