[2022-08-26 08:52:44.963] [exthost] [info] Extension host with pid 608168 started
[2022-08-26 08:52:44.974] [exthost] [info] Lock '/home/intern3/.vscode-server/data/User/workspaceStorage/f3a325c66c55f205923b39c08f783d3b/vscode.lock': Lock acquired.
[2022-08-26 08:52:47.831] [exthost] [info] ExtensionService#_doActivateExtension ms-python.python, startup: false, activationEvent: 'onLanguage:python'
[2022-08-26 08:52:48.124] [exthost] [info] ExtensionService#_doActivateExtension ms-toolsai.jupyter, startup: false, activationEvent: 'onLanguage:python'
[2022-08-26 08:52:48.411] [exthost] [info] ExtensionService#_doActivateExtension vscode.debug-auto-launch, startup: true, activationEvent: '*'
[2022-08-26 08:52:48.414] [exthost] [info] ExtensionService#_doActivateExtension vscode.git-base, startup: true, activationEvent: '*', root cause: vscode.git
[2022-08-26 08:52:48.417] [exthost] [info] ExtensionService#_doActivateExtension vscode.ipynb, startup: true, activationEvent: '*'
[2022-08-26 08:52:58.434] [exthost] [info] ExtensionService#_doActivateExtension vscode.emmet, startup: false, activationEvent: 'onStartupFinished'
[2022-08-26 08:52:58.450] [exthost] [info] ExtensionService#_doActivateExtension vscode.merge-conflict, startup: false, activationEvent: 'onStartupFinished'
[2022-08-26 08:52:58.454] [exthost] [info] ExtensionService#_doActivateExtension streetsidesoftware.code-spell-checker, startup: false, activationEvent: 'onStartupFinished'
[2022-08-26 08:53:14.161] [exthost] [info] ExtensionService#_doActivateExtension vscode.git, startup: true, activationEvent: '*'
[2022-08-26 08:53:14.236] [exthost] [info] ExtensionService#_doActivateExtension vscode.github, startup: true, activationEvent: '*'
[2022-08-26 08:53:14.760] [exthost] [info] ExtensionService#_doActivateExtension ms-toolsai.jupyter-renderers, startup: false, activationEvent: 'api', root cause: ms-toolsai.jupyter
[2022-08-26 08:53:15.190] [exthost] [info] Eager extensions activated
[2022-08-26 08:53:18.602] [exthost] [info] ExtensionService#_doActivateExtension ms-python.vscode-pylance, startup: false, activationEvent: 'onLanguage:python'
[2022-08-26 08:53:21.723] [exthost] [info] ExtensionService#_doActivateExtension vscode.configuration-editing, startup: false, activationEvent: 'onLanguage:jsonc'
[2022-08-26 08:53:21.728] [exthost] [info] ExtensionService#_doActivateExtension vscode.json-language-features, startup: false, activationEvent: 'onLanguage:jsonc'
[2022-08-26 08:53:21.786] [exthost] [info] ExtensionService#_doActivateExtension vscode.typescript-language-features, startup: false, activationEvent: 'onLanguage:jsonc'
[2022-08-26 11:36:07.493] [exthost] [info] Extension host terminating: received terminate message from renderer
[2022-08-26 11:36:07.493] [exthost] [info] Lock '/home/intern3/.vscode-server/data/User/workspaceStorage/f3a325c66c55f205923b39c08f783d3b/vscode.lock': Marking the lockfile as scheduled to be released in 6000 ms.
[2022-08-26 11:36:07.526] [exthost] [info] Extension host with pid 608168 exiting with code 0
