[2022-08-23 16:38:35.224] [exthost] [info] Extension host with pid 1978055 started
[2022-08-23 16:38:35.230] [exthost] [error] Error: EEXIST: file already exists, open '/home/intern3/.vscode-server/data/User/workspaceStorage/f3a325c66c55f205923b39c08f783d3b/vscode.lock'
[2022-08-23 16:38:35.234] [exthost] [info] Lock '/home/intern3/.vscode-server/data/User/workspaceStorage/f3a325c66c55f205923b39c08f783d3b/vscode.lock': Could not acquire lock, checking if the file is stale.
[2022-08-23 16:38:35.237] [exthost] [info] Lock '/home/intern3/.vscode-server/data/User/workspaceStorage/f3a325c66c55f205923b39c08f783d3b/vscode.lock': The lock does not look stale, elapsed: 473 ms, giving up.
[2022-08-23 16:38:35.240] [exthost] [info] Lock '/home/intern3/.vscode-server/data/User/workspaceStorage/f3a325c66c55f205923b39c08f783d3b-1/vscode.lock': Lock acquired.
[2022-08-23 16:38:35.545] [exthost] [info] ExtensionService#_doActivateExtension ms-python.python, startup: false, activationEvent: 'onLanguage:python'
[2022-08-23 16:38:35.813] [exthost] [info] ExtensionService#_doActivateExtension ms-toolsai.jupyter, startup: false, activationEvent: 'onLanguage:python'
[2022-08-23 16:38:36.127] [exthost] [info] ExtensionService#_doActivateExtension vscode.debug-auto-launch, startup: true, activationEvent: '*'
[2022-08-23 16:38:36.131] [exthost] [info] ExtensionService#_doActivateExtension vscode.git-base, startup: true, activationEvent: '*', root cause: vscode.git
[2022-08-23 16:38:36.135] [exthost] [info] ExtensionService#_doActivateExtension vscode.ipynb, startup: true, activationEvent: '*'
[2022-08-23 16:38:36.758] [exthost] [info] ExtensionService#_doActivateExtension vscode.git, startup: true, activationEvent: '*'
[2022-08-23 16:38:36.822] [exthost] [info] ExtensionService#_doActivateExtension vscode.github, startup: true, activationEvent: '*'
[2022-08-23 16:38:37.210] [exthost] [info] ExtensionService#_doActivateExtension ms-toolsai.jupyter-renderers, startup: false, activationEvent: 'api', root cause: ms-toolsai.jupyter
[2022-08-23 16:38:37.500] [exthost] [info] ExtensionService#_doActivateExtension vscode.emmet, startup: false, activationEvent: 'onStartupFinished'
[2022-08-23 16:38:37.517] [exthost] [info] ExtensionService#_doActivateExtension vscode.merge-conflict, startup: false, activationEvent: 'onStartupFinished'
[2022-08-23 16:38:37.521] [exthost] [info] Eager extensions activated
[2022-08-23 16:38:37.689] [exthost] [info] ExtensionService#_doActivateExtension ms-python.vscode-pylance, startup: false, activationEvent: 'onLanguage:python'
[2022-08-23 16:38:39.049] [exthost] [info] ExtensionService#_doActivateExtension vscode.configuration-editing, startup: false, activationEvent: 'onLanguage:jsonc'
[2022-08-23 16:38:39.054] [exthost] [info] ExtensionService#_doActivateExtension vscode.json-language-features, startup: false, activationEvent: 'onLanguage:jsonc'
[2022-08-23 16:38:39.115] [exthost] [info] ExtensionService#_doActivateExtension vscode.typescript-language-features, startup: false, activationEvent: 'onLanguage:jsonc'
[2022-08-23 20:00:44.956] [exthost] [info] Extension host terminating: renderer disconnected for too long (1)
[2022-08-23 20:00:44.957] [exthost] [info] Lock '/home/intern3/.vscode-server/data/User/workspaceStorage/f3a325c66c55f205923b39c08f783d3b-1/vscode.lock': Marking the lockfile as scheduled to be released in 6000 ms.
[2022-08-23 20:00:44.987] [exthost] [info] Extension host with pid 1978055 exiting with code 0
