[2022-08-25T23:53:15.129Z] Log level: Info
[2022-08-25T23:53:15.135Z] [info] Validating found git in: git
[2022-08-25T23:53:15.170Z] [info] Using git 2.34.1 from git
[2022-08-25T23:53:15.192Z] > git rev-parse --show-toplevel [4ms]
[2022-08-25T23:53:15.192Z] fatal: not a git repository (or any of the parent directories): .git
[2022-08-25T23:53:15.206Z] > git rev-parse --show-toplevel [1ms]
[2022-08-25T23:53:15.206Z] fatal: not a git repository (or any of the parent directories): .git
[2022-08-25T23:53:15.217Z] > git rev-parse --show-toplevel [1ms]
[2022-08-25T23:53:15.217Z] fatal: not a git repository (or any of the parent directories): .git
[2022-08-25T23:53:15.225Z] > git rev-parse --show-toplevel [1ms]
[2022-08-25T23:53:15.225Z] fatal: not a git repository (or any of the parent directories): .git
[2022-08-25T23:53:15.235Z] > git rev-parse --show-toplevel [1ms]
[2022-08-25T23:53:15.235Z] fatal: not a git repository (or any of the parent directories): .git
[2022-08-25T23:53:15.243Z] > git rev-parse --show-toplevel [0ms]
[2022-08-25T23:53:15.243Z] fatal: not a git repository (or any of the parent directories): .git
[2022-08-25T23:53:15.255Z] > git rev-parse --show-toplevel [1ms]
[2022-08-25T23:53:15.255Z] fatal: not a git repository (or any of the parent directories): .git
[2022-08-25T23:53:24.746Z] > git rev-parse --show-toplevel [5ms]
[2022-08-25T23:53:24.746Z] fatal: not a git repository (or any of the parent directories): .git
[2022-08-25T23:53:25.147Z] > git rev-parse --show-toplevel [1ms]
[2022-08-25T23:53:25.147Z] fatal: not a git repository (or any of the parent directories): .git
[2022-08-25T23:53:25.640Z] > git rev-parse --show-toplevel [1ms]
[2022-08-25T23:53:25.640Z] fatal: not a git repository (or any of the parent directories): .git
[2022-08-26T00:02:47.726Z] > git rev-parse --show-toplevel [2ms]
[2022-08-26T00:02:47.726Z] fatal: not a git repository (or any of the parent directories): .git
[2022-08-26T00:02:51.810Z] > git rev-parse --show-toplevel [2ms]
[2022-08-26T00:02:51.810Z] fatal: not a git repository (or any of the parent directories): .git
[2022-08-26T00:03:13.055Z] > git rev-parse --show-toplevel [2ms]
[2022-08-26T00:03:13.055Z] fatal: not a git repository (or any of the parent directories): .git
[2022-08-26T00:06:10.307Z] > git rev-parse --show-toplevel [7ms]
[2022-08-26T00:06:10.307Z] fatal: not a git repository (or any of the parent directories): .git
[2022-08-26T00:06:10.737Z] > git rev-parse --show-toplevel [2ms]
[2022-08-26T00:06:10.737Z] fatal: not a git repository (or any of the parent directories): .git
[2022-08-26T00:06:32.520Z] > git rev-parse --show-toplevel [2ms]
[2022-08-26T00:06:32.520Z] fatal: not a git repository (or any of the parent directories): .git
[2022-08-26T00:07:08.341Z] > git rev-parse --show-toplevel [1ms]
[2022-08-26T00:07:08.341Z] fatal: not a git repository (or any of the parent directories): .git
[2022-08-26T00:07:09.075Z] > git rev-parse --show-toplevel [1ms]
[2022-08-26T00:07:09.075Z] fatal: not a git repository (or any of the parent directories): .git
[2022-08-26T00:07:14.753Z] > git rev-parse --show-toplevel [3ms]
[2022-08-26T00:07:14.753Z] fatal: not a git repository (or any of the parent directories): .git
[2022-08-26T00:07:58.755Z] > git rev-parse --show-toplevel [2ms]
[2022-08-26T00:07:58.755Z] fatal: not a git repository (or any of the parent directories): .git
[2022-08-26T00:07:59.368Z] > git rev-parse --show-toplevel [1ms]
[2022-08-26T00:07:59.368Z] fatal: not a git repository (or any of the parent directories): .git
[2022-08-26T00:08:08.158Z] > git rev-parse --show-toplevel [2ms]
[2022-08-26T00:08:08.158Z] fatal: not a git repository (or any of the parent directories): .git
[2022-08-26T00:08:46.521Z] > git rev-parse --show-toplevel [2ms]
[2022-08-26T00:08:46.521Z] fatal: not a git repository (or any of the parent directories): .git
[2022-08-26T00:08:47.336Z] > git rev-parse --show-toplevel [8ms]
[2022-08-26T00:08:47.336Z] fatal: not a git repository (or any of the parent directories): .git
[2022-08-26T00:09:45.712Z] > git rev-parse --show-toplevel [2ms]
[2022-08-26T00:09:45.712Z] fatal: not a git repository (or any of the parent directories): .git
[2022-08-26T00:20:23.394Z] > git rev-parse --show-toplevel [3ms]
[2022-08-26T00:20:23.394Z] fatal: not a git repository (or any of the parent directories): .git
[2022-08-26T00:20:36.245Z] > git rev-parse --show-toplevel [2ms]
[2022-08-26T00:20:36.245Z] fatal: not a git repository (or any of the parent directories): .git
[2022-08-26T00:20:36.253Z] > git rev-parse --show-toplevel [2ms]
[2022-08-26T00:20:36.253Z] fatal: not a git repository (or any of the parent directories): .git
[2022-08-26T00:20:37.155Z] > git rev-parse --show-toplevel [1ms]
[2022-08-26T00:20:37.155Z] fatal: not a git repository (or any of the parent directories): .git
[2022-08-26T00:20:38.113Z] > git rev-parse --show-toplevel [1ms]
[2022-08-26T00:20:38.113Z] fatal: not a git repository (or any of the parent directories): .git
[2022-08-26T00:20:38.124Z] > git rev-parse --show-toplevel [5ms]
[2022-08-26T00:20:38.124Z] fatal: not a git repository (or any of the parent directories): .git
[2022-08-26T00:20:38.812Z] > git rev-parse --show-toplevel [0ms]
[2022-08-26T00:20:38.812Z] fatal: not a git repository (or any of the parent directories): .git
[2022-08-26T00:20:43.047Z] > git rev-parse --show-toplevel [1ms]
[2022-08-26T00:20:43.047Z] fatal: not a git repository (or any of the parent directories): .git
[2022-08-26T00:20:43.055Z] > git rev-parse --show-toplevel [1ms]
[2022-08-26T00:20:43.055Z] fatal: not a git repository (or any of the parent directories): .git
[2022-08-26T00:20:53.347Z] > git rev-parse --show-toplevel [1ms]
[2022-08-26T00:20:53.347Z] fatal: not a git repository (or any of the parent directories): .git
[2022-08-26T00:21:04.165Z] > git rev-parse --show-toplevel [2ms]
[2022-08-26T00:21:04.165Z] fatal: not a git repository (or any of the parent directories): .git
[2022-08-26T00:39:27.286Z] > git rev-parse --show-toplevel [6ms]
[2022-08-26T00:39:27.286Z] fatal: not a git repository (or any of the parent directories): .git
[2022-08-26T00:39:31.907Z] > git rev-parse --show-toplevel [2ms]
[2022-08-26T00:39:31.907Z] fatal: not a git repository (or any of the parent directories): .git
[2022-08-26T00:40:28.454Z] > git rev-parse --show-toplevel [2ms]
[2022-08-26T00:40:28.454Z] fatal: not a git repository (or any of the parent directories): .git
[2022-08-26T00:40:31.931Z] > git rev-parse --show-toplevel [2ms]
[2022-08-26T00:40:31.931Z] fatal: not a git repository (or any of the parent directories): .git
[2022-08-26T00:40:50.297Z] > git rev-parse --show-toplevel [3ms]
[2022-08-26T00:40:50.297Z] fatal: not a git repository (or any of the parent directories): .git
[2022-08-26T00:40:54.404Z] > git rev-parse --show-toplevel [2ms]
[2022-08-26T00:40:54.404Z] fatal: not a git repository (or any of the parent directories): .git
[2022-08-26T00:41:16.760Z] > git rev-parse --show-toplevel [2ms]
[2022-08-26T00:41:16.760Z] fatal: not a git repository (or any of the parent directories): .git
[2022-08-26T00:41:23.801Z] > git rev-parse --show-toplevel [7ms]
[2022-08-26T00:41:23.801Z] fatal: not a git repository (or any of the parent directories): .git
[2022-08-26T00:42:27.994Z] > git rev-parse --show-toplevel [1ms]
[2022-08-26T00:42:27.994Z] fatal: not a git repository (or any of the parent directories): .git
[2022-08-26T00:42:29.966Z] > git rev-parse --show-toplevel [1ms]
[2022-08-26T00:42:29.966Z] fatal: not a git repository (or any of the parent directories): .git
[2022-08-26T00:49:28.986Z] > git rev-parse --show-toplevel [7ms]
[2022-08-26T00:49:28.986Z] fatal: not a git repository (or any of the parent directories): .git
[2022-08-26T00:49:29.967Z] > git rev-parse --show-toplevel [3ms]
[2022-08-26T00:49:29.967Z] fatal: not a git repository (or any of the parent directories): .git
[2022-08-26T00:49:41.192Z] > git rev-parse --show-toplevel [18ms]
[2022-08-26T00:49:41.192Z] fatal: not a git repository (or any of the parent directories): .git
[2022-08-26T01:03:41.851Z] > git rev-parse --show-toplevel [6ms]
[2022-08-26T01:03:41.851Z] fatal: not a git repository (or any of the parent directories): .git
[2022-08-26T01:05:00.319Z] > git rev-parse --show-toplevel [1ms]
[2022-08-26T01:05:00.319Z] fatal: not a git repository (or any of the parent directories): .git
[2022-08-26T01:06:02.965Z] > git rev-parse --show-toplevel [4ms]
[2022-08-26T01:06:02.965Z] fatal: not a git repository (or any of the parent directories): .git
[2022-08-26T01:06:09.654Z] > git rev-parse --show-toplevel [7ms]
[2022-08-26T01:06:09.654Z] fatal: not a git repository (or any of the parent directories): .git
[2022-08-26T01:10:14.700Z] > git rev-parse --show-toplevel [3ms]
[2022-08-26T01:10:14.700Z] fatal: not a git repository (or any of the parent directories): .git
[2022-08-26T01:10:17.503Z] > git rev-parse --show-toplevel [2ms]
[2022-08-26T01:10:17.503Z] fatal: not a git repository (or any of the parent directories): .git
[2022-08-26T01:32:41.355Z] > git rev-parse --show-toplevel [2ms]
[2022-08-26T01:32:41.355Z] fatal: not a git repository (or any of the parent directories): .git
[2022-08-26T01:33:00.463Z] > git rev-parse --show-toplevel [3ms]
[2022-08-26T01:33:00.463Z] fatal: not a git repository (or any of the parent directories): .git
[2022-08-26T01:33:42.411Z] > git rev-parse --show-toplevel [2ms]
[2022-08-26T01:33:42.411Z] fatal: not a git repository (or any of the parent directories): .git
[2022-08-26T01:34:00.597Z] > git rev-parse --show-toplevel [2ms]
[2022-08-26T01:34:00.597Z] fatal: not a git repository (or any of the parent directories): .git
[2022-08-26T01:42:05.806Z] > git rev-parse --show-toplevel [2ms]
[2022-08-26T01:42:05.806Z] fatal: not a git repository (or any of the parent directories): .git
[2022-08-26T01:42:17.595Z] > git rev-parse --show-toplevel [1ms]
[2022-08-26T01:42:17.595Z] fatal: not a git repository (or any of the parent directories): .git
[2022-08-26T01:42:17.603Z] > git rev-parse --show-toplevel [1ms]
[2022-08-26T01:42:17.603Z] fatal: not a git repository (or any of the parent directories): .git
[2022-08-26T01:42:19.617Z] > git rev-parse --show-toplevel [2ms]
[2022-08-26T01:42:19.617Z] fatal: not a git repository (or any of the parent directories): .git
[2022-08-26T01:42:19.624Z] > git rev-parse --show-toplevel [1ms]
[2022-08-26T01:42:19.624Z] fatal: not a git repository (or any of the parent directories): .git
[2022-08-26T01:43:04.624Z] > git rev-parse --show-toplevel [2ms]
[2022-08-26T01:43:04.624Z] fatal: not a git repository (or any of the parent directories): .git
[2022-08-26T01:43:19.343Z] > git rev-parse --show-toplevel [4ms]
[2022-08-26T01:43:19.343Z] fatal: not a git repository (or any of the parent directories): .git
[2022-08-26T01:43:22.765Z] > git rev-parse --show-toplevel [1ms]
[2022-08-26T01:43:22.765Z] fatal: not a git repository (or any of the parent directories): .git
[2022-08-26T01:44:05.456Z] > git rev-parse --show-toplevel [1ms]
[2022-08-26T01:44:05.456Z] fatal: not a git repository (or any of the parent directories): .git
[2022-08-26T01:44:11.292Z] > git rev-parse --show-toplevel [7ms]
[2022-08-26T01:44:11.292Z] fatal: not a git repository (or any of the parent directories): .git
[2022-08-26T01:44:17.533Z] > git rev-parse --show-toplevel [3ms]
[2022-08-26T01:44:17.533Z] fatal: not a git repository (or any of the parent directories): .git
[2022-08-26T01:44:27.255Z] > git rev-parse --show-toplevel [6ms]
[2022-08-26T01:44:27.255Z] fatal: not a git repository (or any of the parent directories): .git
[2022-08-26T01:45:06.057Z] > git rev-parse --show-toplevel [2ms]
[2022-08-26T01:45:06.057Z] fatal: not a git repository (or any of the parent directories): .git
[2022-08-26T01:46:19.960Z] > git rev-parse --show-toplevel [2ms]
[2022-08-26T01:46:19.960Z] fatal: not a git repository (or any of the parent directories): .git
[2022-08-26T01:46:32.313Z] > git rev-parse --show-toplevel [4ms]
[2022-08-26T01:46:32.313Z] fatal: not a git repository (or any of the parent directories): .git
[2022-08-26T01:46:41.204Z] > git rev-parse --show-toplevel [2ms]
[2022-08-26T01:46:41.204Z] fatal: not a git repository (or any of the parent directories): .git
[2022-08-26T01:46:42.225Z] > git rev-parse --show-toplevel [2ms]
[2022-08-26T01:46:42.225Z] fatal: not a git repository (or any of the parent directories): .git
[2022-08-26T01:53:04.841Z] > git rev-parse --show-toplevel [2ms]
[2022-08-26T01:53:04.841Z] fatal: not a git repository (or any of the parent directories): .git
[2022-08-26T01:53:36.496Z] > git rev-parse --show-toplevel [1ms]
[2022-08-26T01:53:36.496Z] fatal: not a git repository (or any of the parent directories): .git
[2022-08-26T01:53:39.069Z] > git rev-parse --show-toplevel [2ms]
[2022-08-26T01:53:39.069Z] fatal: not a git repository (or any of the parent directories): .git
[2022-08-26T02:01:38.340Z] > git rev-parse --show-toplevel [2ms]
[2022-08-26T02:01:38.340Z] fatal: not a git repository (or any of the parent directories): .git
[2022-08-26T02:01:47.061Z] > git rev-parse --show-toplevel [3ms]
[2022-08-26T02:01:47.061Z] fatal: not a git repository (or any of the parent directories): .git
[2022-08-26T02:01:51.607Z] > git rev-parse --show-toplevel [2ms]
[2022-08-26T02:01:51.607Z] fatal: not a git repository (or any of the parent directories): .git
[2022-08-26T02:05:14.879Z] > git rev-parse --show-toplevel [2ms]
[2022-08-26T02:05:14.879Z] fatal: not a git repository (or any of the parent directories): .git
[2022-08-26T02:05:23.046Z] > git rev-parse --show-toplevel [1ms]
[2022-08-26T02:05:23.046Z] fatal: not a git repository (or any of the parent directories): .git
[2022-08-26T02:07:08.717Z] > git rev-parse --show-toplevel [1ms]
[2022-08-26T02:07:08.717Z] fatal: not a git repository (or any of the parent directories): .git
[2022-08-26T02:07:16.998Z] > git rev-parse --show-toplevel [2ms]
[2022-08-26T02:07:16.998Z] fatal: not a git repository (or any of the parent directories): .git
[2022-08-26T02:07:24.768Z] > git rev-parse --show-toplevel [2ms]
[2022-08-26T02:07:24.768Z] fatal: not a git repository (or any of the parent directories): .git
[2022-08-26T02:07:28.168Z] > git rev-parse --show-toplevel [4ms]
[2022-08-26T02:07:28.168Z] fatal: not a git repository (or any of the parent directories): .git
[2022-08-26T02:08:44.120Z] > git rev-parse --show-toplevel [2ms]
[2022-08-26T02:08:44.120Z] fatal: not a git repository (or any of the parent directories): .git
[2022-08-26T02:09:03.473Z] > git rev-parse --show-toplevel [3ms]
[2022-08-26T02:09:03.473Z] fatal: not a git repository (or any of the parent directories): .git
[2022-08-26T02:09:13.696Z] > git rev-parse --show-toplevel [2ms]
[2022-08-26T02:09:13.696Z] fatal: not a git repository (or any of the parent directories): .git
[2022-08-26T02:09:17.926Z] > git rev-parse --show-toplevel [1ms]
[2022-08-26T02:09:17.926Z] fatal: not a git repository (or any of the parent directories): .git
[2022-08-26T02:09:27.059Z] > git rev-parse --show-toplevel [2ms]
[2022-08-26T02:09:27.059Z] fatal: not a git repository (or any of the parent directories): .git
[2022-08-26T02:09:39.879Z] > git rev-parse --show-toplevel [2ms]
[2022-08-26T02:09:39.879Z] fatal: not a git repository (or any of the parent directories): .git
[2022-08-26T02:10:09.427Z] > git rev-parse --show-toplevel [3ms]
[2022-08-26T02:10:09.427Z] fatal: not a git repository (or any of the parent directories): .git
[2022-08-26T02:10:12.922Z] > git rev-parse --show-toplevel [2ms]
[2022-08-26T02:10:12.922Z] fatal: not a git repository (or any of the parent directories): .git
[2022-08-26T02:10:32.741Z] > git rev-parse --show-toplevel [2ms]
[2022-08-26T02:10:32.741Z] fatal: not a git repository (or any of the parent directories): .git
[2022-08-26T02:10:48.254Z] > git rev-parse --show-toplevel [1ms]
[2022-08-26T02:10:48.254Z] fatal: not a git repository (or any of the parent directories): .git
[2022-08-26T02:11:16.248Z] > git rev-parse --show-toplevel [2ms]
[2022-08-26T02:11:16.248Z] fatal: not a git repository (or any of the parent directories): .git
[2022-08-26T02:12:02.977Z] > git rev-parse --show-toplevel [2ms]
[2022-08-26T02:12:02.977Z] fatal: not a git repository (or any of the parent directories): .git
[2022-08-26T02:25:13.223Z] > git rev-parse --show-toplevel [2ms]
[2022-08-26T02:25:13.223Z] fatal: not a git repository (or any of the parent directories): .git
[2022-08-26T02:28:15.975Z] > git rev-parse --show-toplevel [2ms]
[2022-08-26T02:28:15.975Z] fatal: not a git repository (or any of the parent directories): .git
[2022-08-26T02:30:52.401Z] > git rev-parse --show-toplevel [1ms]
[2022-08-26T02:30:52.401Z] fatal: not a git repository (or any of the parent directories): .git
[2022-08-26T02:31:18.740Z] > git rev-parse --show-toplevel [3ms]
[2022-08-26T02:31:18.740Z] fatal: not a git repository (or any of the parent directories): .git
[2022-08-26T02:32:04.308Z] > git rev-parse --show-toplevel [7ms]
[2022-08-26T02:32:04.308Z] fatal: not a git repository (or any of the parent directories): .git
[2022-08-26T02:33:38.495Z] > git rev-parse --show-toplevel [1ms]
[2022-08-26T02:33:38.495Z] fatal: not a git repository (or any of the parent directories): .git
[2022-08-26T02:33:55.018Z] > git rev-parse --show-toplevel [1ms]
[2022-08-26T02:33:55.018Z] fatal: not a git repository (or any of the parent directories): .git
[2022-08-26T02:33:56.770Z] > git rev-parse --show-toplevel [6ms]
[2022-08-26T02:33:56.770Z] fatal: not a git repository (or any of the parent directories): .git
[2022-08-26T02:34:04.848Z] > git rev-parse --show-toplevel [1ms]
[2022-08-26T02:34:04.849Z] fatal: not a git repository (or any of the parent directories): .git
[2022-08-26T02:36:05.608Z] > git rev-parse --show-toplevel [1ms]
[2022-08-26T02:36:05.608Z] fatal: not a git repository (or any of the parent directories): .git
