[2022-08-17 14:07:54.763] [exthost] [info] Extension host with pid 30355 started
[2022-08-17 14:07:54.772] [exthost] [info] Lock '/home/intern3/.vscode-server/data/User/workspaceStorage/f3a325c66c55f205923b39c08f783d3b/vscode.lock': Lock acquired.
[2022-08-17 14:07:55.260] [exthost] [info] ExtensionService#_doActivateExtension vscode.debug-auto-launch, startup: true, activationEvent: '*'
[2022-08-17 14:07:55.265] [exthost] [info] ExtensionService#_doActivateExtension vscode.git-base, startup: true, activationEvent: '*', root cause: vscode.git
[2022-08-17 14:07:55.268] [exthost] [info] ExtensionService#_doActivateExtension vscode.ipynb, startup: true, activationEvent: '*'
[2022-08-17 14:07:55.596] [exthost] [info] ExtensionService#_doActivateExtension ms-python.python, startup: false, activationEvent: 'onLanguage:python'
[2022-08-17 14:07:55.859] [exthost] [info] ExtensionService#_doActivateExtension ms-toolsai.jupyter, startup: false, activationEvent: 'onLanguage:python'
[2022-08-17 14:07:57.171] [exthost] [info] ExtensionService#_doActivateExtension vscode.git, startup: true, activationEvent: '*'
[2022-08-17 14:07:57.237] [exthost] [info] ExtensionService#_doActivateExtension vscode.github, startup: true, activationEvent: '*'
[2022-08-17 14:07:57.688] [exthost] [info] ExtensionService#_doActivateExtension ms-toolsai.jupyter-renderers, startup: false, activationEvent: 'api', root cause: ms-toolsai.jupyter
[2022-08-17 14:07:59.318] [exthost] [info] ExtensionService#_doActivateExtension vscode.emmet, startup: false, activationEvent: 'onStartupFinished'
[2022-08-17 14:07:59.334] [exthost] [info] ExtensionService#_doActivateExtension vscode.merge-conflict, startup: false, activationEvent: 'onStartupFinished'
[2022-08-17 14:07:59.338] [exthost] [info] Eager extensions activated
[2022-08-17 14:07:59.433] [exthost] [info] ExtensionService#_doActivateExtension ms-python.vscode-pylance, startup: false, activationEvent: 'onLanguage:python'
[2022-08-17 14:08:02.794] [exthost] [info] ExtensionService#_doActivateExtension vscode.configuration-editing, startup: false, activationEvent: 'onLanguage:jsonc'
[2022-08-17 14:08:02.800] [exthost] [info] ExtensionService#_doActivateExtension vscode.json-language-features, startup: false, activationEvent: 'onLanguage:jsonc'
[2022-08-17 14:08:02.859] [exthost] [info] ExtensionService#_doActivateExtension vscode.typescript-language-features, startup: false, activationEvent: 'onLanguage:jsonc'
[2022-08-17 17:16:33.716] [exthost] [info] Extension host terminating: renderer disconnected for too long (1)
[2022-08-17 17:16:33.717] [exthost] [info] Lock '/home/intern3/.vscode-server/data/User/workspaceStorage/f3a325c66c55f205923b39c08f783d3b/vscode.lock': Marking the lockfile as scheduled to be released in 6000 ms.
[2022-08-17 17:16:33.745] [exthost] [info] Extension host with pid 30355 exiting with code 0
