Visual Studio Code (1.70.1, ssh-remote, desktop)
Jupyter Extension Version: 2022.7.1102252217.
Python Extension Version: 2022.12.1.
Workspace folder /home/intern3
info 12:40:44.531: ZMQ install verified.
ユーザーは実験グループ 'jupyterTest' に属しています
ユーザーは実験グループ 'jupyterEnhancedDataViewer' に属しています
info 12:40:45.197: LSP Notebooks experiment is enabled
info 12:40:46.10: Experiment status for python is {"enabled":true,"optInto":[],"optOutFrom":[]}
info 12:40:46.488: Process Execution: > /usr/bin/python3 -m pip list
> /usr/bin/python3 -m pip list
info 16:1:16.899: Loading webview. View is notset
info 16:1:16.900: Loading web view...
info 16:1:16.900: Webview panel created.
info 16:1:18.990: Web view react rendered
info 16:43:32.715: Shutting down notebooks for 55dd537d-3f78-4cfd-9059-fb7c15e5fa91
info 16:43:32.715: Disposing HostJupyterExecution f18b9d1e-41eb-4c46-9291-a68b034dc3f2
info 16:43:32.715: Disposing super HostJupyterExecution f18b9d1e-41eb-4c46-9291-a68b034dc3f2
info 16:43:32.716: Disposing HostJupyterExecution f18b9d1e-41eb-4c46-9291-a68b034dc3f2
info 16:43:32.716: Finished disposing HostJupyterExecution  f18b9d1e-41eb-4c46-9291-a68b034dc3f2
info 16:43:32.720: Cleaning up server cache f18b9d1e-41eb-4c46-9291-a68b034dc3f2
info 16:43:32.720: Finished disposing HostJupyterExecution  f18b9d1e-41eb-4c46-9291-a68b034dc3f2
