[Error - 10:16:53 AM] Client Code Spell Checker: connection to server is erroring. Shutting down server.
[Error - 10:16:53 AM] Client Code Spell Checker: connection to server is erroring. Shutting down server.
[Error - 10:16:53 AM] Stopping server failed
Error: Client is not running and can't be stopped. It's current state is: starting
	at C.shutdown (/home/intern3/.vscode-server/extensions/streetsidesoftware.code-spell-checker-2.6.0/packages/client/dist/extension.js:2:468814)
	at C.stop (/home/intern3/.vscode-server/extensions/streetsidesoftware.code-spell-checker-2.6.0/packages/client/dist/extension.js:2:468395)
	at C.stop (/home/intern3/.vscode-server/extensions/streetsidesoftware.code-spell-checker-2.6.0/packages/client/dist/extension.js:2:628378)
	at C.handleConnectionError (/home/intern3/.vscode-server/extensions/streetsidesoftware.code-spell-checker-2.6.0/packages/client/dist/extension.js:2:474358)
	at /home/intern3/.vscode-server/extensions/streetsidesoftware.code-spell-checker-2.6.0/packages/client/dist/extension.js:2:473185
	at /home/intern3/.vscode-server/extensions/streetsidesoftware.code-spell-checker-2.6.0/packages/client/dist/extension.js:2:472351
	at r.invoke (/home/intern3/.vscode-server/extensions/streetsidesoftware.code-spell-checker-2.6.0/packages/client/dist/extension.js:2:423168)
	at o.fire (/home/intern3/.vscode-server/extensions/streetsidesoftware.code-spell-checker-2.6.0/packages/client/dist/extension.js:2:423933)
	at /home/intern3/.vscode-server/extensions/streetsidesoftware.code-spell-checker-2.6.0/packages/client/dist/extension.js:2:415481
	at r.invoke (/home/intern3/.vscode-server/extensions/streetsidesoftware.code-spell-checker-2.6.0/packages/client/dist/extension.js:2:423168)
	at o.fire (/home/intern3/.vscode-server/extensions/streetsidesoftware.code-spell-checker-2.6.0/packages/client/dist/extension.js:2:423933)
	at d.fireError (/home/intern3/.vscode-server/extensions/streetsidesoftware.code-spell-checker-2.6.0/packages/client/dist/extension.js:2:431648)
	at ChildProcess.<anonymous> (/home/intern3/.vscode-server/extensions/streetsidesoftware.code-spell-checker-2.6.0/packages/client/dist/extension.js:2:442681)
	at ChildProcess.emit (node:events:402:35)
	at Process.ChildProcess._handle.onexit (node:internal/child_process:288:12)
	at onErrorNT (node:internal/child_process:477:16)
	at processTicksAndRejections (node:internal/process/task_queues:83:21)
[Error - 10:16:53 AM] Stopping server failed
Error: Client is not running and can't be stopped. It's current state is: starting
	at C.shutdown (/home/intern3/.vscode-server/extensions/streetsidesoftware.code-spell-checker-2.6.0/packages/client/dist/extension.js:2:468814)
	at C.stop (/home/intern3/.vscode-server/extensions/streetsidesoftware.code-spell-checker-2.6.0/packages/client/dist/extension.js:2:468395)
	at C.stop (/home/intern3/.vscode-server/extensions/streetsidesoftware.code-spell-checker-2.6.0/packages/client/dist/extension.js:2:628378)
	at C.handleConnectionError (/home/intern3/.vscode-server/extensions/streetsidesoftware.code-spell-checker-2.6.0/packages/client/dist/extension.js:2:474358)
	at /home/intern3/.vscode-server/extensions/streetsidesoftware.code-spell-checker-2.6.0/packages/client/dist/extension.js:2:473185
	at /home/intern3/.vscode-server/extensions/streetsidesoftware.code-spell-checker-2.6.0/packages/client/dist/extension.js:2:472351
	at r.invoke (/home/intern3/.vscode-server/extensions/streetsidesoftware.code-spell-checker-2.6.0/packages/client/dist/extension.js:2:423168)
	at o.fire (/home/intern3/.vscode-server/extensions/streetsidesoftware.code-spell-checker-2.6.0/packages/client/dist/extension.js:2:423933)
	at /home/intern3/.vscode-server/extensions/streetsidesoftware.code-spell-checker-2.6.0/packages/client/dist/extension.js:2:415546
	at r.invoke (/home/intern3/.vscode-server/extensions/streetsidesoftware.code-spell-checker-2.6.0/packages/client/dist/extension.js:2:423168)
	at o.fire (/home/intern3/.vscode-server/extensions/streetsidesoftware.code-spell-checker-2.6.0/packages/client/dist/extension.js:2:423933)
	at h.fireError (/home/intern3/.vscode-server/extensions/streetsidesoftware.code-spell-checker-2.6.0/packages/client/dist/extension.js:2:435169)
	at ChildProcess.<anonymous> (/home/intern3/.vscode-server/extensions/streetsidesoftware.code-spell-checker-2.6.0/packages/client/dist/extension.js:2:442995)
	at ChildProcess.emit (node:events:402:35)
	at Process.ChildProcess._handle.onexit (node:internal/child_process:288:12)
	at onErrorNT (node:internal/child_process:477:16)
	at processTicksAndRejections (node:internal/process/task_queues:83:21)
[Info  - 10:16:53 AM] Connection to server got closed. Server will restart.
[Error - 10:16:53 AM] Server initialization failed.
  Message: Pending response rejected since connection got disposed
  Code: -32097 
[Error - 10:16:53 AM] Code Spell Checker client: couldn't create connection to server.
  Message: Pending response rejected since connection got disposed
  Code: -32097 
[Error - 10:16:53 AM] Client Code Spell Checker: connection to server is erroring. Shutting down server.
[Error - 10:16:53 AM] Client Code Spell Checker: connection to server is erroring. Shutting down server.
[Error - 10:16:53 AM] Stopping server failed
Error: Client is not running and can't be stopped. It's current state is: startFailed
	at C.shutdown (/home/intern3/.vscode-server/extensions/streetsidesoftware.code-spell-checker-2.6.0/packages/client/dist/extension.js:2:468814)
	at C.stop (/home/intern3/.vscode-server/extensions/streetsidesoftware.code-spell-checker-2.6.0/packages/client/dist/extension.js:2:468395)
	at C.stop (/home/intern3/.vscode-server/extensions/streetsidesoftware.code-spell-checker-2.6.0/packages/client/dist/extension.js:2:628378)
	at C.handleConnectionError (/home/intern3/.vscode-server/extensions/streetsidesoftware.code-spell-checker-2.6.0/packages/client/dist/extension.js:2:474358)
	at /home/intern3/.vscode-server/extensions/streetsidesoftware.code-spell-checker-2.6.0/packages/client/dist/extension.js:2:473185
	at /home/intern3/.vscode-server/extensions/streetsidesoftware.code-spell-checker-2.6.0/packages/client/dist/extension.js:2:472351
	at r.invoke (/home/intern3/.vscode-server/extensions/streetsidesoftware.code-spell-checker-2.6.0/packages/client/dist/extension.js:2:423168)
	at o.fire (/home/intern3/.vscode-server/extensions/streetsidesoftware.code-spell-checker-2.6.0/packages/client/dist/extension.js:2:423933)
	at /home/intern3/.vscode-server/extensions/streetsidesoftware.code-spell-checker-2.6.0/packages/client/dist/extension.js:2:415481
	at r.invoke (/home/intern3/.vscode-server/extensions/streetsidesoftware.code-spell-checker-2.6.0/packages/client/dist/extension.js:2:423168)
	at o.fire (/home/intern3/.vscode-server/extensions/streetsidesoftware.code-spell-checker-2.6.0/packages/client/dist/extension.js:2:423933)
	at d.fireError (/home/intern3/.vscode-server/extensions/streetsidesoftware.code-spell-checker-2.6.0/packages/client/dist/extension.js:2:431648)
	at ChildProcess.<anonymous> (/home/intern3/.vscode-server/extensions/streetsidesoftware.code-spell-checker-2.6.0/packages/client/dist/extension.js:2:442681)
	at ChildProcess.emit (node:events:402:35)
	at Process.ChildProcess._handle.onexit (node:internal/child_process:288:12)
	at onErrorNT (node:internal/child_process:477:16)
	at processTicksAndRejections (node:internal/process/task_queues:83:21)
[Error - 10:16:53 AM] Stopping server failed
Error: Client is not running and can't be stopped. It's current state is: startFailed
	at C.shutdown (/home/intern3/.vscode-server/extensions/streetsidesoftware.code-spell-checker-2.6.0/packages/client/dist/extension.js:2:468814)
	at C.stop (/home/intern3/.vscode-server/extensions/streetsidesoftware.code-spell-checker-2.6.0/packages/client/dist/extension.js:2:468395)
	at C.stop (/home/intern3/.vscode-server/extensions/streetsidesoftware.code-spell-checker-2.6.0/packages/client/dist/extension.js:2:628378)
	at C.handleConnectionError (/home/intern3/.vscode-server/extensions/streetsidesoftware.code-spell-checker-2.6.0/packages/client/dist/extension.js:2:474358)
	at /home/intern3/.vscode-server/extensions/streetsidesoftware.code-spell-checker-2.6.0/packages/client/dist/extension.js:2:473185
	at /home/intern3/.vscode-server/extensions/streetsidesoftware.code-spell-checker-2.6.0/packages/client/dist/extension.js:2:472351
	at r.invoke (/home/intern3/.vscode-server/extensions/streetsidesoftware.code-spell-checker-2.6.0/packages/client/dist/extension.js:2:423168)
	at o.fire (/home/intern3/.vscode-server/extensions/streetsidesoftware.code-spell-checker-2.6.0/packages/client/dist/extension.js:2:423933)
	at /home/intern3/.vscode-server/extensions/streetsidesoftware.code-spell-checker-2.6.0/packages/client/dist/extension.js:2:415546
	at r.invoke (/home/intern3/.vscode-server/extensions/streetsidesoftware.code-spell-checker-2.6.0/packages/client/dist/extension.js:2:423168)
	at o.fire (/home/intern3/.vscode-server/extensions/streetsidesoftware.code-spell-checker-2.6.0/packages/client/dist/extension.js:2:423933)
	at h.fireError (/home/intern3/.vscode-server/extensions/streetsidesoftware.code-spell-checker-2.6.0/packages/client/dist/extension.js:2:435169)
	at ChildProcess.<anonymous> (/home/intern3/.vscode-server/extensions/streetsidesoftware.code-spell-checker-2.6.0/packages/client/dist/extension.js:2:442995)
	at ChildProcess.emit (node:events:402:35)
	at Process.ChildProcess._handle.onexit (node:internal/child_process:288:12)
	at onErrorNT (node:internal/child_process:477:16)
	at processTicksAndRejections (node:internal/process/task_queues:83:21)
[Info  - 10:16:53 AM] Connection to server got closed. Server will restart.
[Error - 10:16:53 AM] Server initialization failed.
  Message: Pending response rejected since connection got disposed
  Code: -32097 
[Error - 10:16:53 AM] Code Spell Checker client: couldn't create connection to server.
  Message: Pending response rejected since connection got disposed
  Code: -32097 
[Error - 10:16:53 AM] Client Code Spell Checker: connection to server is erroring. Shutting down server.
[Error - 10:16:53 AM] Client Code Spell Checker: connection to server is erroring. Shutting down server.
[Error - 10:16:53 AM] Stopping server failed
Error: Client is not running and can't be stopped. It's current state is: startFailed
	at C.shutdown (/home/intern3/.vscode-server/extensions/streetsidesoftware.code-spell-checker-2.6.0/packages/client/dist/extension.js:2:468814)
	at C.stop (/home/intern3/.vscode-server/extensions/streetsidesoftware.code-spell-checker-2.6.0/packages/client/dist/extension.js:2:468395)
	at C.stop (/home/intern3/.vscode-server/extensions/streetsidesoftware.code-spell-checker-2.6.0/packages/client/dist/extension.js:2:628378)
	at C.handleConnectionError (/home/intern3/.vscode-server/extensions/streetsidesoftware.code-spell-checker-2.6.0/packages/client/dist/extension.js:2:474358)
	at /home/intern3/.vscode-server/extensions/streetsidesoftware.code-spell-checker-2.6.0/packages/client/dist/extension.js:2:473185
	at /home/intern3/.vscode-server/extensions/streetsidesoftware.code-spell-checker-2.6.0/packages/client/dist/extension.js:2:472351
	at r.invoke (/home/intern3/.vscode-server/extensions/streetsidesoftware.code-spell-checker-2.6.0/packages/client/dist/extension.js:2:423168)
	at o.fire (/home/intern3/.vscode-server/extensions/streetsidesoftware.code-spell-checker-2.6.0/packages/client/dist/extension.js:2:423933)
	at /home/intern3/.vscode-server/extensions/streetsidesoftware.code-spell-checker-2.6.0/packages/client/dist/extension.js:2:415481
	at r.invoke (/home/intern3/.vscode-server/extensions/streetsidesoftware.code-spell-checker-2.6.0/packages/client/dist/extension.js:2:423168)
	at o.fire (/home/intern3/.vscode-server/extensions/streetsidesoftware.code-spell-checker-2.6.0/packages/client/dist/extension.js:2:423933)
	at d.fireError (/home/intern3/.vscode-server/extensions/streetsidesoftware.code-spell-checker-2.6.0/packages/client/dist/extension.js:2:431648)
	at ChildProcess.<anonymous> (/home/intern3/.vscode-server/extensions/streetsidesoftware.code-spell-checker-2.6.0/packages/client/dist/extension.js:2:442681)
	at ChildProcess.emit (node:events:402:35)
	at Process.ChildProcess._handle.onexit (node:internal/child_process:288:12)
	at onErrorNT (node:internal/child_process:477:16)
	at processTicksAndRejections (node:internal/process/task_queues:83:21)
[Error - 10:16:53 AM] Stopping server failed
Error: Client is not running and can't be stopped. It's current state is: startFailed
	at C.shutdown (/home/intern3/.vscode-server/extensions/streetsidesoftware.code-spell-checker-2.6.0/packages/client/dist/extension.js:2:468814)
	at C.stop (/home/intern3/.vscode-server/extensions/streetsidesoftware.code-spell-checker-2.6.0/packages/client/dist/extension.js:2:468395)
	at C.stop (/home/intern3/.vscode-server/extensions/streetsidesoftware.code-spell-checker-2.6.0/packages/client/dist/extension.js:2:628378)
	at C.handleConnectionError (/home/intern3/.vscode-server/extensions/streetsidesoftware.code-spell-checker-2.6.0/packages/client/dist/extension.js:2:474358)
	at /home/intern3/.vscode-server/extensions/streetsidesoftware.code-spell-checker-2.6.0/packages/client/dist/extension.js:2:473185
	at /home/intern3/.vscode-server/extensions/streetsidesoftware.code-spell-checker-2.6.0/packages/client/dist/extension.js:2:472351
	at r.invoke (/home/intern3/.vscode-server/extensions/streetsidesoftware.code-spell-checker-2.6.0/packages/client/dist/extension.js:2:423168)
	at o.fire (/home/intern3/.vscode-server/extensions/streetsidesoftware.code-spell-checker-2.6.0/packages/client/dist/extension.js:2:423933)
	at /home/intern3/.vscode-server/extensions/streetsidesoftware.code-spell-checker-2.6.0/packages/client/dist/extension.js:2:415546
	at r.invoke (/home/intern3/.vscode-server/extensions/streetsidesoftware.code-spell-checker-2.6.0/packages/client/dist/extension.js:2:423168)
	at o.fire (/home/intern3/.vscode-server/extensions/streetsidesoftware.code-spell-checker-2.6.0/packages/client/dist/extension.js:2:423933)
	at h.fireError (/home/intern3/.vscode-server/extensions/streetsidesoftware.code-spell-checker-2.6.0/packages/client/dist/extension.js:2:435169)
	at ChildProcess.<anonymous> (/home/intern3/.vscode-server/extensions/streetsidesoftware.code-spell-checker-2.6.0/packages/client/dist/extension.js:2:442995)
	at ChildProcess.emit (node:events:402:35)
	at Process.ChildProcess._handle.onexit (node:internal/child_process:288:12)
	at onErrorNT (node:internal/child_process:477:16)
	at processTicksAndRejections (node:internal/process/task_queues:83:21)
[Info  - 10:16:53 AM] Connection to server got closed. Server will restart.
[Error - 10:16:53 AM] Server initialization failed.
  Message: Pending response rejected since connection got disposed
  Code: -32097 
[Error - 10:16:53 AM] Code Spell Checker client: couldn't create connection to server.
  Message: Pending response rejected since connection got disposed
  Code: -32097 
[Error - 10:16:53 AM] Restarting server failed
  Message: Pending response rejected since connection got disposed
  Code: -32097 
[Error - 10:16:53 AM] Client Code Spell Checker: connection to server is erroring. Shutting down server.
[Error - 10:16:53 AM] Client Code Spell Checker: connection to server is erroring. Shutting down server.
[Error - 10:16:53 AM] Stopping server failed
Error: Client is not running and can't be stopped. It's current state is: startFailed
	at C.shutdown (/home/intern3/.vscode-server/extensions/streetsidesoftware.code-spell-checker-2.6.0/packages/client/dist/extension.js:2:468814)
	at C.stop (/home/intern3/.vscode-server/extensions/streetsidesoftware.code-spell-checker-2.6.0/packages/client/dist/extension.js:2:468395)
	at C.stop (/home/intern3/.vscode-server/extensions/streetsidesoftware.code-spell-checker-2.6.0/packages/client/dist/extension.js:2:628378)
	at C.handleConnectionError (/home/intern3/.vscode-server/extensions/streetsidesoftware.code-spell-checker-2.6.0/packages/client/dist/extension.js:2:474358)
	at /home/intern3/.vscode-server/extensions/streetsidesoftware.code-spell-checker-2.6.0/packages/client/dist/extension.js:2:473185
	at /home/intern3/.vscode-server/extensions/streetsidesoftware.code-spell-checker-2.6.0/packages/client/dist/extension.js:2:472351
	at r.invoke (/home/intern3/.vscode-server/extensions/streetsidesoftware.code-spell-checker-2.6.0/packages/client/dist/extension.js:2:423168)
	at o.fire (/home/intern3/.vscode-server/extensions/streetsidesoftware.code-spell-checker-2.6.0/packages/client/dist/extension.js:2:423933)
	at /home/intern3/.vscode-server/extensions/streetsidesoftware.code-spell-checker-2.6.0/packages/client/dist/extension.js:2:415481
	at r.invoke (/home/intern3/.vscode-server/extensions/streetsidesoftware.code-spell-checker-2.6.0/packages/client/dist/extension.js:2:423168)
	at o.fire (/home/intern3/.vscode-server/extensions/streetsidesoftware.code-spell-checker-2.6.0/packages/client/dist/extension.js:2:423933)
	at d.fireError (/home/intern3/.vscode-server/extensions/streetsidesoftware.code-spell-checker-2.6.0/packages/client/dist/extension.js:2:431648)
	at ChildProcess.<anonymous> (/home/intern3/.vscode-server/extensions/streetsidesoftware.code-spell-checker-2.6.0/packages/client/dist/extension.js:2:442681)
	at ChildProcess.emit (node:events:402:35)
	at Process.ChildProcess._handle.onexit (node:internal/child_process:288:12)
	at onErrorNT (node:internal/child_process:477:16)
	at processTicksAndRejections (node:internal/process/task_queues:83:21)
[Error - 10:16:53 AM] Stopping server failed
Error: Client is not running and can't be stopped. It's current state is: startFailed
	at C.shutdown (/home/intern3/.vscode-server/extensions/streetsidesoftware.code-spell-checker-2.6.0/packages/client/dist/extension.js:2:468814)
	at C.stop (/home/intern3/.vscode-server/extensions/streetsidesoftware.code-spell-checker-2.6.0/packages/client/dist/extension.js:2:468395)
	at C.stop (/home/intern3/.vscode-server/extensions/streetsidesoftware.code-spell-checker-2.6.0/packages/client/dist/extension.js:2:628378)
	at C.handleConnectionError (/home/intern3/.vscode-server/extensions/streetsidesoftware.code-spell-checker-2.6.0/packages/client/dist/extension.js:2:474358)
	at /home/intern3/.vscode-server/extensions/streetsidesoftware.code-spell-checker-2.6.0/packages/client/dist/extension.js:2:473185
	at /home/intern3/.vscode-server/extensions/streetsidesoftware.code-spell-checker-2.6.0/packages/client/dist/extension.js:2:472351
	at r.invoke (/home/intern3/.vscode-server/extensions/streetsidesoftware.code-spell-checker-2.6.0/packages/client/dist/extension.js:2:423168)
	at o.fire (/home/intern3/.vscode-server/extensions/streetsidesoftware.code-spell-checker-2.6.0/packages/client/dist/extension.js:2:423933)
	at /home/intern3/.vscode-server/extensions/streetsidesoftware.code-spell-checker-2.6.0/packages/client/dist/extension.js:2:415546
	at r.invoke (/home/intern3/.vscode-server/extensions/streetsidesoftware.code-spell-checker-2.6.0/packages/client/dist/extension.js:2:423168)
	at o.fire (/home/intern3/.vscode-server/extensions/streetsidesoftware.code-spell-checker-2.6.0/packages/client/dist/extension.js:2:423933)
	at h.fireError (/home/intern3/.vscode-server/extensions/streetsidesoftware.code-spell-checker-2.6.0/packages/client/dist/extension.js:2:435169)
	at ChildProcess.<anonymous> (/home/intern3/.vscode-server/extensions/streetsidesoftware.code-spell-checker-2.6.0/packages/client/dist/extension.js:2:442995)
	at ChildProcess.emit (node:events:402:35)
	at Process.ChildProcess._handle.onexit (node:internal/child_process:288:12)
	at onErrorNT (node:internal/child_process:477:16)
	at processTicksAndRejections (node:internal/process/task_queues:83:21)
[Info  - 10:16:53 AM] Connection to server got closed. Server will restart.
[Error - 10:16:53 AM] Server initialization failed.
  Message: Pending response rejected since connection got disposed
  Code: -32097 
[Error - 10:16:53 AM] Code Spell Checker client: couldn't create connection to server.
  Message: Pending response rejected since connection got disposed
  Code: -32097 
[Error - 10:16:53 AM] Restarting server failed
  Message: Pending response rejected since connection got disposed
  Code: -32097 
[Error - 10:16:53 AM] Client Code Spell Checker: connection to server is erroring. Shutting down server.
[Error - 10:16:53 AM] Client Code Spell Checker: connection to server is erroring. Shutting down server.
[Error - 10:16:53 AM] Stopping server failed
Error: Client is not running and can't be stopped. It's current state is: startFailed
	at C.shutdown (/home/intern3/.vscode-server/extensions/streetsidesoftware.code-spell-checker-2.6.0/packages/client/dist/extension.js:2:468814)
	at C.stop (/home/intern3/.vscode-server/extensions/streetsidesoftware.code-spell-checker-2.6.0/packages/client/dist/extension.js:2:468395)
	at C.stop (/home/intern3/.vscode-server/extensions/streetsidesoftware.code-spell-checker-2.6.0/packages/client/dist/extension.js:2:628378)
	at C.handleConnectionError (/home/intern3/.vscode-server/extensions/streetsidesoftware.code-spell-checker-2.6.0/packages/client/dist/extension.js:2:474358)
	at /home/intern3/.vscode-server/extensions/streetsidesoftware.code-spell-checker-2.6.0/packages/client/dist/extension.js:2:473185
	at /home/intern3/.vscode-server/extensions/streetsidesoftware.code-spell-checker-2.6.0/packages/client/dist/extension.js:2:472351
	at r.invoke (/home/intern3/.vscode-server/extensions/streetsidesoftware.code-spell-checker-2.6.0/packages/client/dist/extension.js:2:423168)
	at o.fire (/home/intern3/.vscode-server/extensions/streetsidesoftware.code-spell-checker-2.6.0/packages/client/dist/extension.js:2:423933)
	at /home/intern3/.vscode-server/extensions/streetsidesoftware.code-spell-checker-2.6.0/packages/client/dist/extension.js:2:415481
	at r.invoke (/home/intern3/.vscode-server/extensions/streetsidesoftware.code-spell-checker-2.6.0/packages/client/dist/extension.js:2:423168)
	at o.fire (/home/intern3/.vscode-server/extensions/streetsidesoftware.code-spell-checker-2.6.0/packages/client/dist/extension.js:2:423933)
	at d.fireError (/home/intern3/.vscode-server/extensions/streetsidesoftware.code-spell-checker-2.6.0/packages/client/dist/extension.js:2:431648)
	at ChildProcess.<anonymous> (/home/intern3/.vscode-server/extensions/streetsidesoftware.code-spell-checker-2.6.0/packages/client/dist/extension.js:2:442681)
	at ChildProcess.emit (node:events:402:35)
	at Process.ChildProcess._handle.onexit (node:internal/child_process:288:12)
	at onErrorNT (node:internal/child_process:477:16)
	at processTicksAndRejections (node:internal/process/task_queues:83:21)
[Error - 10:16:53 AM] Stopping server failed
Error: Client is not running and can't be stopped. It's current state is: startFailed
	at C.shutdown (/home/intern3/.vscode-server/extensions/streetsidesoftware.code-spell-checker-2.6.0/packages/client/dist/extension.js:2:468814)
	at C.stop (/home/intern3/.vscode-server/extensions/streetsidesoftware.code-spell-checker-2.6.0/packages/client/dist/extension.js:2:468395)
	at C.stop (/home/intern3/.vscode-server/extensions/streetsidesoftware.code-spell-checker-2.6.0/packages/client/dist/extension.js:2:628378)
	at C.handleConnectionError (/home/intern3/.vscode-server/extensions/streetsidesoftware.code-spell-checker-2.6.0/packages/client/dist/extension.js:2:474358)
	at /home/intern3/.vscode-server/extensions/streetsidesoftware.code-spell-checker-2.6.0/packages/client/dist/extension.js:2:473185
	at /home/intern3/.vscode-server/extensions/streetsidesoftware.code-spell-checker-2.6.0/packages/client/dist/extension.js:2:472351
	at r.invoke (/home/intern3/.vscode-server/extensions/streetsidesoftware.code-spell-checker-2.6.0/packages/client/dist/extension.js:2:423168)
	at o.fire (/home/intern3/.vscode-server/extensions/streetsidesoftware.code-spell-checker-2.6.0/packages/client/dist/extension.js:2:423933)
	at /home/intern3/.vscode-server/extensions/streetsidesoftware.code-spell-checker-2.6.0/packages/client/dist/extension.js:2:415546
	at r.invoke (/home/intern3/.vscode-server/extensions/streetsidesoftware.code-spell-checker-2.6.0/packages/client/dist/extension.js:2:423168)
	at o.fire (/home/intern3/.vscode-server/extensions/streetsidesoftware.code-spell-checker-2.6.0/packages/client/dist/extension.js:2:423933)
	at h.fireError (/home/intern3/.vscode-server/extensions/streetsidesoftware.code-spell-checker-2.6.0/packages/client/dist/extension.js:2:435169)
	at ChildProcess.<anonymous> (/home/intern3/.vscode-server/extensions/streetsidesoftware.code-spell-checker-2.6.0/packages/client/dist/extension.js:2:442995)
	at ChildProcess.emit (node:events:402:35)
	at Process.ChildProcess._handle.onexit (node:internal/child_process:288:12)
	at onErrorNT (node:internal/child_process:477:16)
	at processTicksAndRejections (node:internal/process/task_queues:83:21)
[Error - 10:16:53 AM] The Code Spell Checker server crashed 5 times in the last 3 minutes. The server will not be restarted. See the output for more information.
[Error - 10:16:53 AM] Server initialization failed.
  Message: Pending response rejected since connection got disposed
  Code: -32097 
[Error - 10:16:53 AM] Code Spell Checker client: couldn't create connection to server.
  Message: Pending response rejected since connection got disposed
  Code: -32097 
[Error - 10:16:53 AM] Restarting server failed
  Message: Pending response rejected since connection got disposed
  Code: -32097 
