[2022-08-26 11:37:10.225] [exthost] [info] Extension host with pid 734699 started
[2022-08-26 11:37:10.234] [exthost] [info] Lock '/home/intern3/.vscode-server/data/User/workspaceStorage/f3a325c66c55f205923b39c08f783d3b/vscode.lock': Lock acquired.
[2022-08-26 11:37:10.736] [exthost] [info] ExtensionService#_doActivateExtension ms-python.python, startup: false, activationEvent: 'onLanguage:python'
[2022-08-26 11:37:11.003] [exthost] [info] ExtensionService#_doActivateExtension ms-toolsai.jupyter, startup: false, activationEvent: 'onLanguage:python'
[2022-08-26 11:37:11.314] [exthost] [info] ExtensionService#_doActivateExtension vscode.debug-auto-launch, startup: true, activationEvent: '*'
[2022-08-26 11:37:11.318] [exthost] [info] ExtensionService#_doActivateExtension vscode.git-base, startup: true, activationEvent: '*', root cause: vscode.git
[2022-08-26 11:37:11.322] [exthost] [info] ExtensionService#_doActivateExtension vscode.ipynb, startup: true, activationEvent: '*'
[2022-08-26 11:37:11.547] [exthost] [info] ExtensionService#_doActivateExtension vscode.git, startup: true, activationEvent: '*'
[2022-08-26 11:37:11.614] [exthost] [info] ExtensionService#_doActivateExtension vscode.github, startup: true, activationEvent: '*'
[2022-08-26 11:37:11.977] [exthost] [info] ExtensionService#_doActivateExtension ms-toolsai.jupyter-renderers, startup: false, activationEvent: 'api', root cause: ms-toolsai.jupyter
[2022-08-26 11:37:12.177] [exthost] [info] ExtensionService#_doActivateExtension vscode.emmet, startup: false, activationEvent: 'onStartupFinished'
[2022-08-26 11:37:12.195] [exthost] [info] ExtensionService#_doActivateExtension vscode.merge-conflict, startup: false, activationEvent: 'onStartupFinished'
[2022-08-26 11:37:12.200] [exthost] [info] ExtensionService#_doActivateExtension streetsidesoftware.code-spell-checker, startup: false, activationEvent: 'onStartupFinished'
[2022-08-26 11:37:12.281] [exthost] [info] Eager extensions activated
[2022-08-26 11:37:12.416] [exthost] [info] ExtensionService#_doActivateExtension ms-python.vscode-pylance, startup: false, activationEvent: 'onLanguage:python'
[2022-08-26 11:37:14.099] [exthost] [info] ExtensionService#_doActivateExtension vscode.configuration-editing, startup: false, activationEvent: 'onLanguage:jsonc'
[2022-08-26 11:37:14.104] [exthost] [info] ExtensionService#_doActivateExtension vscode.json-language-features, startup: false, activationEvent: 'onLanguage:jsonc'
[2022-08-26 11:37:14.164] [exthost] [info] ExtensionService#_doActivateExtension vscode.typescript-language-features, startup: false, activationEvent: 'onLanguage:jsonc'
[2022-08-26 14:05:53.670] [exthost] [info] Extension host terminating: renderer disconnected for too long (2)
[2022-08-26 14:05:53.670] [exthost] [info] Lock '/home/intern3/.vscode-server/data/User/workspaceStorage/f3a325c66c55f205923b39c08f783d3b/vscode.lock': Marking the lockfile as scheduled to be released in 6000 ms.
[2022-08-26 14:05:53.704] [exthost] [info] Extension host with pid 734699 exiting with code 0
